"cd-rfile"
"Time Step" "cd etc.."
("Time Step" "cd" "flow-time")
0 0 0
1 441852.7299074875 0.01
2 54887.05100596864 0.02
3 57225.50487944281 0.03
4 55710.69008467829 0.04
5 59660.20803444365 0.05
6 64946.61765868113 0.06
7 57396.74886634097 0.07000000000000001
8 50737.62839117663 0.08
9 47631.92459964203 0.09
10 46651.88503956886 0.09999999999999999
11 48837.36153035906 0.11
12 48388.43641022117 0.12
13 49324.83234533494 0.13
14 49177.65946185585 0.14
15 48686.84789488692 0.15
16 47252.54913381993 0.16
17 44590.99704707283 0.17
18 42424.75108254045 0.18
19 42058.04450832379 0.19
20 43588.56810887325 0.2
21 46384.18222506462 0.21
22 49239.5302809468 0.2200000000000001
23 51753.85244591138 0.2300000000000001
24 52901.08320128141 0.2400000000000001
25 52308.19715608137 0.2500000000000001
26 50276.74112418501 0.2600000000000001
27 47493.04902601909 0.2700000000000001
28 45067.03863018293 0.2800000000000001
29 43677.83382024366 0.2900000000000001
30 43916.63382300773 0.3000000000000001
31 45837.538893934 0.3100000000000001
32 47948.98809850875 0.3200000000000001
33 49383.09587390835 0.3300000000000001
34 49691.81599285092 0.3400000000000001
35 48755.11923661191 0.3500000000000001
36 46736.67703993577 0.3600000000000002
37 44108.29335996024 0.3700000000000002
38 42163.28830742024 0.3800000000000002
39 41922.60883618672 0.3900000000000002
40 43501.41643203187 0.4000000000000002
41 46342.1418270444 0.4100000000000002
42 49203.40488034637 0.4200000000000002
43 51721.84891111253 0.4300000000000002
44 52859.97121867256 0.4400000000000002
45 52287.15652258018 0.4500000000000002
46 50256.65167922731 0.4600000000000002
47 47476.45364362794 0.4700000000000003
48 45046.60628914043 0.4800000000000003
49 43664.60616987229 0.4900000000000003
50 43904.19422963228 0.5000000000000002
51 45835.25573328976 0.5100000000000002
52 47958.29560654516 0.5200000000000002
53 49382.34814742194 0.5300000000000002
54 49678.20215400924 0.5400000000000003
55 48741.63145340218 0.5500000000000003
56 46718.92542395705 0.5600000000000003
57 44089.81651385243 0.5700000000000003
58 42150.05600135062 0.5800000000000003
59 41911.33228468614 0.5900000000000003
60 43481.22096768975 0.6000000000000003
61 46329.70691303954 0.6100000000000003
62 49192.58293987624 0.6200000000000003
63 51706.67544506094 0.6300000000000003
64 52847.20072639253 0.6400000000000003
65 52269.65923536294 0.6500000000000004
66 50241.69845145381 0.6600000000000004
67 47461.32952837616 0.6700000000000004
68 45022.15169449421 0.6800000000000004
69 43650.28794863445 0.6900000000000004
70 43895.11856133931 0.7000000000000004
71 45828.53305239655 0.7100000000000004
72 47971.06997924724 0.7200000000000004
73 49388.91694242088 0.7300000000000004
74 49667.8997092341 0.7400000000000004
75 48724.90382096863 0.7500000000000004
76 46701.19754346504 0.7600000000000005
77 44072.10322873308 0.7700000000000005
78 42142.23225621587 0.7800000000000005
79 41903.08001513504 0.7900000000000005
80 43472.08072492345 0.8000000000000005
81 46319.58920003504 0.8100000000000005
82 49176.28373366182 0.8200000000000005
83 51689.57194732944 0.8300000000000005
84 52831.17091952671 0.8400000000000005
85 52251.76670877654 0.8500000000000005
86 50225.02952124187 0.8600000000000005
87 47445.4876171484 0.8700000000000006
88 45006.30010899175 0.8800000000000006
89 43636.64356407431 0.8900000000000006
90 43882.16058501148 0.9000000000000006
91 45813.23929100232 0.9100000000000006
92 47978.75880664778 0.9200000000000006
93 49384.88890507659 0.9300000000000006
94 49657.79441658234 0.9400000000000006
95 48719.76784656713 0.9500000000000006
96 46677.76162653531 0.9600000000000006
97 44050.62125831746 0.9700000000000006
98 42127.88386397786 0.9800000000000006
99 41897.31257471879 0.9900000000000007
100 43460.63166712582 1.000000000000001
