"cl-rfile"
"Time Step" "cl etc.."
("Time Step" "cl" "flow-time")
0 0 0
1 -98106.1294271964 0.01
2 -121753.5727384114 0.02
3 -148977.2324912728 0.03
4 -121130.395881836 0.04
5 -115167.5043300455 0.05
6 -87024.82276021167 0.06
7 -57368.40196299159 0.07000000000000001
8 -25847.13641404972 0.08
9 9872.212272509003 0.09
10 47794.59976925731 0.09999999999999999
11 84289.94854174489 0.11
12 114196.3908019076 0.12
13 132041.0161423821 0.13
14 140066.8590269846 0.14
15 140795.5093322825 0.15
16 132517.6964344703 0.16
17 111540.666194869 0.17
18 78236.89111674468 0.18
19 37532.9360356808 0.19
20 -4877.431580491135 0.2
21 -43974.64298076577 0.21
22 -75319.55829020595 0.2200000000000001
23 -94706.6339368699 0.2300000000000001
24 -99798.58863008938 0.2400000000000001
25 -91287.36235675323 0.2500000000000001
26 -70827.26090024135 0.2600000000000001
27 -42190.18225935486 0.2700000000000001
28 -8866.829727064525 0.2800000000000001
29 26510.54075282346 0.2900000000000001
30 62023.91534486745 0.3000000000000001
31 96331.61952548526 0.3100000000000001
32 125523.4808917848 0.3200000000000001
33 145466.315576755 0.3300000000000001
34 154541.7020872523 0.3400000000000001
35 151890.4330812965 0.3500000000000001
36 137746.5676229761 0.3600000000000002
37 112547.4355040527 0.3700000000000002
38 78220.01340519205 0.3800000000000002
39 37703.07427647275 0.3900000000000002
40 -4662.768849739755 0.4000000000000002
41 -43865.07311793314 0.4100000000000002
42 -75230.82192185977 0.4200000000000002
43 -94507.05799585422 0.4300000000000002
44 -99624.46153756836 0.4400000000000002
45 -91024.43126489942 0.4500000000000002
46 -70538.37275431474 0.4600000000000002
47 -41873.39402269297 0.4700000000000003
48 -8533.869179503123 0.4800000000000003
49 26865.77066314784 0.4900000000000003
50 62398.93653692641 0.5000000000000002
51 96749.50465072069 0.5100000000000002
52 125938.2541998132 0.5200000000000002
53 145825.6113888838 0.5300000000000002
54 154819.1326335479 0.5400000000000003
55 152090.3352806407 0.5500000000000003
56 137886.1554828459 0.5600000000000003
57 112604.31762434 0.5700000000000003
58 78243.86406135988 0.5800000000000003
59 37764.42603823796 0.5900000000000003
60 -4557.084240571049 0.6000000000000003
61 -43725.91992996995 0.6100000000000003
62 -75059.71783540849 0.6200000000000003
63 -94320.90201337803 0.6300000000000003
64 -99396.48790272641 0.6400000000000003
65 -90735.34781533897 0.6500000000000004
66 -70243.09536336224 0.6600000000000004
67 -41562.22050105826 0.6700000000000004
68 -8219.581679671523 0.6800000000000004
69 27198.73412903243 0.6900000000000004
70 62800.28297917886 0.7000000000000004
71 97179.0603391039 0.7100000000000004
72 126353.1048305341 0.7200000000000004
73 146206.9726324499 0.7300000000000004
74 155117.0123036254 0.7400000000000004
75 152337.027889857 0.7500000000000004
76 138028.1041950358 0.7600000000000005
77 112670.6811055007 0.7700000000000005
78 78274.3642884172 0.7800000000000005
79 37823.32633744686 0.7900000000000005
80 -4451.630319985268 0.8000000000000005
81 -43579.04060018244 0.8100000000000005
82 -74889.36491408775 0.8200000000000005
83 -94121.14011031559 0.8300000000000005
84 -99157.85466032631 0.8400000000000005
85 -90461.98260874128 0.8500000000000005
86 -69948.70385993773 0.8600000000000005
87 -41247.13330988964 0.8700000000000006
88 -7879.671732704902 0.8800000000000006
89 27539.91165631882 0.8900000000000006
90 63155.77385667875 0.9000000000000006
91 97583.39961926575 0.9100000000000006
92 126757.2457259962 0.9200000000000006
93 146556.1444047788 0.9300000000000006
94 155434.7267508912 0.9400000000000006
95 152582.3989320788 0.9500000000000006
96 138178.8088071681 0.9600000000000006
97 112714.5933780641 0.9700000000000006
98 78307.79850981603 0.9800000000000006
99 37900.08971737856 0.9900000000000007
100 -4342.965404434536 1.000000000000001
