"cd0-rfile"
"Time Step" "cd0 etc.."
("Time Step" "cd0" "flow-time")
0 0 0
1 21556.46754985932 0.01
2 3476.432008543718 0.02
3 3518.176821243418 0.03
4 3384.86888305205 0.04
5 5885.090615006901 0.05
6 6494.700519346863 0.06
7 6074.166709755124 0.07000000000000001
8 5621.805303949679 0.08
9 5204.012781392191 0.09
10 4862.175582496328 0.09999999999999999
11 4581.165605563046 0.11
12 4335.388818440179 0.12
13 4123.619918307268 0.13
14 3915.928309980068 0.14
15 3694.46896453653 0.15
16 3445.302359914616 0.16
17 3184.923170254656 0.17
18 2959.662185436257 0.18
19 2891.372188906822 0.19
20 2956.420869746097 0.2
21 2885.769660245925 0.21
22 2831.507758958687 0.2200000000000001
23 2816.078048492083 0.2300000000000001
24 2875.009927070954 0.2400000000000001
25 2925.245174064411 0.2500000000000001
26 2987.277421545421 0.2600000000000001
27 3088.391328354833 0.2700000000000001
28 3210.672606559544 0.2800000000000001
29 3263.842569902547 0.2900000000000001
30 3288.584590226962 0.3000000000000001
31 3304.611960909251 0.3100000000000001
32 3332.122750481458 0.3200000000000001
33 3355.806064222991 0.3300000000000001
34 3383.421974944642 0.3400000000000001
35 3409.078403624489 0.3500000000000001
36 3387.308847993401 0.3600000000000002
37 3325.568057681709 0.3700000000000002
38 3246.354288780268 0.3800000000000002
39 3178.747027874421 0.3900000000000002
40 3148.500461912649 0.4000000000000002
41 3148.098446715518 0.4100000000000002
42 3122.667500968358 0.4200000000000002
43 3061.03385679636 0.4300000000000002
44 2986.806449355352 0.4400000000000002
45 2925.795949412227 0.4500000000000002
46 2894.765662857232 0.4600000000000002
47 2887.789977638424 0.4700000000000003
48 2893.414133498081 0.4800000000000003
49 2906.299116364466 0.4900000000000003
50 2930.345835369845 0.5000000000000002
51 2970.517839604629 0.5100000000000002
52 3026.79839961876 0.5200000000000002
53 3093.75407940338 0.5300000000000002
54 3155.291091005708 0.5400000000000003
55 3212.776640910556 0.5500000000000003
56 3265.768628185848 0.5600000000000003
57 3310.256209827642 0.5700000000000003
58 3342.573839568439 0.5800000000000003
59 3357.999244464007 0.5900000000000003
60 3356.113383124936 0.6000000000000003
61 3338.272949314597 0.6100000000000003
62 3307.21544999344 0.6200000000000003
63 3265.448995416747 0.6300000000000003
64 3215.083568711363 0.6400000000000003
65 3157.888955046005 0.6500000000000004
66 3098.257160459526 0.6600000000000004
67 3043.382025177428 0.6700000000000004
68 2997.071192107728 0.6800000000000004
69 2961.732395936116 0.6900000000000004
70 2937.946478930419 0.7000000000000004
71 2928.123745847201 0.7100000000000004
72 2933.482467496071 0.7200000000000004
73 2953.638286479817 0.7300000000000004
74 2983.347191782744 0.7400000000000004
75 3023.095284574935 0.7500000000000004
76 3078.770360692434 0.7600000000000005
77 3150.182535353877 0.7700000000000005
78 3222.062022811705 0.7800000000000005
79 3290.762556952896 0.7900000000000005
80 3354.442474787197 0.8000000000000005
81 3411.404317268483 0.8100000000000005
82 3457.062409943911 0.8200000000000005
83 3485.069405486305 0.8300000000000005
84 3492.979816799898 0.8400000000000005
85 3479.950430602354 0.8500000000000005
86 3449.207435384792 0.8600000000000005
87 3404.339357870433 0.8700000000000006
88 3346.838612463602 0.8800000000000006
89 3280.288663126833 0.8900000000000006
90 3208.634752457092 0.9000000000000006
91 3135.256910342217 0.9100000000000006
92 3065.44988997673 0.9200000000000006
93 3002.917021920698 0.9300000000000006
94 2949.878035751534 0.9400000000000006
95 2909.989086143438 0.9500000000000006
96 2884.387871047335 0.9600000000000006
97 2874.730314385814 0.9700000000000006
98 2880.440529356969 0.9800000000000006
99 2897.870931348091 0.9900000000000007
100 2924.772463014752 1.000000000000001
