"cl-rfile"
"Time Step" "cl etc.."
("Time Step" "cl" "flow-time")
0 0 0
1 -6604.227309429658 0.01
2 -5222.420256852566 0.02
3 -10349.42485382215 0.03
4 -5428.004169007246 0.04
5 -11394.50537727275 0.05
6 -10111.83905463557 0.06
7 -9200.971181287792 0.07000000000000001
8 -8811.260735687452 0.08
9 -8880.153380443257 0.09
10 -9254.252093820534 0.09999999999999999
11 -9562.604193687463 0.11
12 -9612.882251717754 0.12
13 -9338.160403811313 0.13
14 -8844.115513250797 0.14
15 -8214.989024980905 0.15
16 -7494.081721046235 0.16
17 -6677.712679221743 0.17
18 -5728.892457138471 0.18
19 -4653.858483475669 0.19
20 -3444.867382263036 0.2
21 -2110.688589281915 0.21
22 -780.8072983235147 0.2200000000000001
23 550.9036748748738 0.2300000000000001
24 1891.946934612919 0.2400000000000001
25 3117.674206996001 0.2500000000000001
26 4526.200076861515 0.2600000000000001
27 5906.366354256356 0.2700000000000001
28 7007.762002410152 0.2800000000000001
29 7924.483838130415 0.2900000000000001
30 8735.95017612511 0.3000000000000001
31 9458.041022429516 0.3100000000000001
32 10100.48794782896 0.3200000000000001
33 10651.42872220763 0.3300000000000001
34 11071.83607289319 0.3400000000000001
35 11316.84849216634 0.3500000000000001
36 11322.17049233414 0.3600000000000002
37 11016.16536815568 0.3700000000000002
38 10470.82247709016 0.3800000000000002
39 9829.734914994155 0.3900000000000002
40 9246.009404379198 0.4000000000000002
41 8806.422897403885 0.4100000000000002
42 8303.480332665695 0.4200000000000002
43 7499.981448612761 0.4300000000000002
44 6340.207541658307 0.4400000000000002
45 4921.087162813823 0.4500000000000002
46 3460.553341268075 0.4600000000000002
47 2075.046786952998 0.4700000000000003
48 731.4129893433031 0.4800000000000003
49 -628.4696028424679 0.4900000000000003
50 -2033.559378460526 0.5000000000000002
51 -3429.837639872484 0.5100000000000002
52 -4730.631008786951 0.5200000000000002
53 -5899.808670766065 0.5300000000000002
54 -6941.724888564248 0.5400000000000003
55 -7895.189070054995 0.5500000000000003
56 -8766.213248481761 0.5600000000000003
57 -9527.872583574523 0.5700000000000003
58 -10129.40039846492 0.5800000000000003
59 -10538.44274364822 0.5900000000000003
60 -10755.93352928341 0.6000000000000003
61 -10798.90085474026 0.6100000000000003
62 -10680.17104548715 0.6200000000000003
63 -10397.37014637172 0.6300000000000003
64 -9934.541739638145 0.6400000000000003
65 -9285.589634744523 0.6500000000000004
66 -8452.386221301686 0.6600000000000004
67 -7459.397082135445 0.6700000000000004
68 -6336.33552349311 0.6800000000000004
69 -5105.561965701178 0.6900000000000004
70 -3780.233279658356 0.7000000000000004
71 -2373.172662768315 0.7100000000000004
72 -902.5398190018232 0.7200000000000004
73 598.118872188086 0.7300000000000004
74 2078.067849294607 0.7400000000000004
75 3513.125911256691 0.7500000000000004
76 4872.526463889018 0.7600000000000005
77 6154.38750366637 0.7700000000000005
78 7358.69888477926 0.7800000000000005
79 8490.211791475462 0.7900000000000005
80 9539.459566173087 0.8000000000000005
81 10477.3963310756 0.8100000000000005
82 11262.90617853707 0.8200000000000005
83 11870.62186386543 0.8300000000000005
84 12283.01349093079 0.8400000000000005
85 12509.7098337428 0.8500000000000005
86 12558.62110015799 0.8600000000000005
87 12435.8676504119 0.8700000000000006
88 12142.08452599596 0.8800000000000006
89 11667.62438509014 0.8900000000000006
90 11006.74786286159 0.9000000000000006
91 10167.98634981247 0.9100000000000006
92 9152.40656585469 0.9200000000000006
93 7999.271812328922 0.9300000000000006
94 6739.380856955938 0.9400000000000006
95 5387.465656408753 0.9500000000000006
96 3973.344319441283 0.9600000000000006
97 2512.400374224168 0.9700000000000006
98 1020.577004924774 0.9800000000000006
99 -457.5140278997983 0.9900000000000007
100 -1887.604721585203 1.000000000000001
